Device: cuda
Prefix: poly10_D300, max_degree=10, N_targets=20
Using N_base=20 base points out of 20, D=300
Using N_T_NODES=11 Chebyshev nodes in t for path augmentation.
Generating path-augmented dataset...
Path-augmented dataset size (h + g_i paths): 66220 points = (1 + D)*N_base*N_T_NODES

Training MPS on path-augmented regression
D_aug=301, bond_dim=60, N_train=66220 (no held-out test set)

### Epoch 001 ###
Train MSE: 2589523681.64412
Train R2 (on path-augmented data): -0.0031
Best so far: epoch 1, MSE=2589523681.64412, R²=-0.0031, Improved
Runtime so far: 37 sec

### Epoch 002 ###
Train MSE: 21.85191
Train R2 (on path-augmented data): -0.0031
Best so far: epoch 1, MSE=2589523681.64412, R²=-0.0031, No improve
Runtime so far: 75 sec


⚠️  Detected divergence (loss explosion).
Stopping at epoch 3. Restoring best model from epoch 1 (MSE=2589523681.64412, R²=-0.0031)

Restored best MPS from epoch 1 (MSE=2589523681.64412, R²=-0.0031)
Saved TN-SHAP targets and t-nodes to poly10_D300_tnshap_targets.pt
Saved trained MPS to poly10_D300_mps.pt
Done.
